23 ott 2014 11:32:35,927  ERROR [http-bio-8080-exec-1]  (com.webratio.units.utility.rtx.ScriptUnitService:73) - [][scu1]Unable to execute the script
com.webratio.commons.transform.EvaluateException: No signature of method: com.fasterxml.jackson.core.json.UTF8JsonGenerator.writeStringField() is applicable for argument types: (java.lang.String, java.lang.Integer) values: {"user_totalcredits", 0}
	[occurred at line 31]
	at com.webratio.commons.transform.groovy.GroovyScriptInstance.run(GroovyScriptInstance.java:111)
	at com.webratio.units.utility.rtx.ScriptUnitService.createUnitBean(ScriptUnitService.java:279)
	at com.webratio.units.utility.rtx.ScriptUnitService_$$_javassist_32._d0createUnitBean(ScriptUnitService_$$_javassist_32.java)
	at sun.reflect.NativeMethodAccessorImpl.invoke0(Native Method)
	at sun.reflect.NativeMethodAccessorImpl.invoke(Unknown Source)
	at sun.reflect.DelegatingMethodAccessorImpl.invoke(Unknown Source)
	at java.lang.reflect.Method.invoke(Unknown Source)
	at com.webratio.rtx.debug.WebDebugAdapter$DebugMethodHandler.doInvoke(WebDebugAdapter.java:447)
	at com.webratio.rtx.debug.WebDebugAdapter$ServiceHandler.doInvoke(WebDebugAdapter.java:531)
	at com.webratio.rtx.debug.WebDebugAdapter$CachedUnitHandler.doInvoke(WebDebugAdapter.java:673)
	at com.webratio.rtx.debug.WebDebugAdapter$DebugMethodHandler.invoke(WebDebugAdapter.java:440)
	at com.webratio.units.utility.rtx.ScriptUnitService_$$_javassist_32.createUnitBean(ScriptUnitService_$$_javassist_32.java)
	at com.webratio.units.utility.rtx.ScriptUnitService.getUnitBean(ScriptUnitService.java:199)
	at com.webratio.units.utility.rtx.ScriptUnitService.execute(ScriptUnitService.java:173)
	at com.webratio.units.utility.rtx.ScriptUnitService_$$_javassist_32._d1execute(ScriptUnitService_$$_javassist_32.java)
	at sun.reflect.NativeMethodAccessorImpl.invoke0(Native Method)
	at sun.reflect.NativeMethodAccessorImpl.invoke(Unknown Source)
	at sun.reflect.DelegatingMethodAccessorImpl.invoke(Unknown Source)
	at java.lang.reflect.Method.invoke(Unknown Source)
	at com.webratio.rtx.debug.WebDebugAdapter$DebugMethodHandler.doInvoke(WebDebugAdapter.java:447)
	at com.webratio.rtx.debug.WebDebugAdapter$ServiceHandler.doInvoke(WebDebugAdapter.java:531)
	at com.webratio.rtx.debug.WebDebugAdapter$AbstractUnitHandler.handleUnitExecution(WebDebugAdapter.java:717)
	at com.webratio.rtx.debug.WebDebugAdapter$CachedUnitHandler.doInvoke(WebDebugAdapter.java:662)
	at com.webratio.rtx.debug.WebDebugAdapter$DebugMethodHandler.invoke(WebDebugAdapter.java:440)
	at com.webratio.units.utility.rtx.ScriptUnitService_$$_javassist_32.execute(ScriptUnitService_$$_javassist_32.java)
	at com.webratio.struts.actions.OperationAction.executeOperation(OperationAction.java:386)
	at com.webratio.struts.actions.OperationAction.doExecute(OperationAction.java:241)
	at com.webratio.struts.actions.OperationAction.execute(OperationAction.java:72)
	at org.apache.struts.chain.commands.servlet.ExecuteAction.execute(ExecuteAction.java:58)
	at org.apache.struts.chain.commands.AbstractExecuteAction.execute(AbstractExecuteAction.java:67)
	at org.apache.struts.chain.commands.ActionCommandBase.execute(ActionCommandBase.java:51)
	at org.apache.commons.chain.impl.ChainBase.execute(ChainBase.java:190)
	at org.apache.commons.chain.generic.LookupCommand.execute(LookupCommand.java:304)
	at org.apache.commons.chain.impl.ChainBase.execute(ChainBase.java:190)
	at org.apache.struts.chain.ComposableRequestProcessor.process(ComposableRequestProcessor.java:283)
	at org.apache.struts.action.ActionServlet.process(ActionServlet.java:1913)
	at com.webratio.struts.servlets.WRActionServlet.process(WRActionServlet.java:155)
	at com.webratio.struts.servlets.WRActionServlet.doGet(WRActionServlet.java:109)
	at javax.servlet.http.HttpServlet.service(HttpServlet.java:620)
	at javax.servlet.http.HttpServlet.service(HttpServlet.java:727)
	at org.apache.catalina.core.ApplicationFilterChain.internalDoFilter(ApplicationFilterChain.java:303)
	at org.apache.catalina.core.ApplicationFilterChain.doFilter(ApplicationFilterChain.java:208)
	at org.apache.tomcat.websocket.server.WsFilter.doFilter(WsFilter.java:52)
	at org.apache.catalina.core.ApplicationFilterChain.internalDoFilter(ApplicationFilterChain.java:241)
	at org.apache.catalina.core.ApplicationFilterChain.doFilter(ApplicationFilterChain.java:208)
	at org.apache.catalina.core.ApplicationDispatcher.invoke(ApplicationDispatcher.java:748)
	at org.apache.catalina.core.ApplicationDispatcher.processRequest(ApplicationDispatcher.java:486)
	at org.apache.catalina.core.ApplicationDispatcher.doForward(ApplicationDispatcher.java:411)
	at org.apache.catalina.core.ApplicationDispatcher.forward(ApplicationDispatcher.java:338)
	at com.webratio.struts.chain.commands.PerformForward2.handleAsForward(PerformForward2.java:101)
	at com.webratio.struts.chain.commands.PerformForward2.perform(PerformForward2.java:83)
	at org.apache.struts.chain.commands.AbstractPerformForward.execute(AbstractPerformForward.java:54)
	at org.apache.struts.chain.commands.ActionCommandBase.execute(ActionCommandBase.java:51)
	at org.apache.commons.chain.impl.ChainBase.execute(ChainBase.java:190)
	at org.apache.commons.chain.generic.LookupCommand.execute(LookupCommand.java:304)
	at org.apache.commons.chain.impl.ChainBase.execute(ChainBase.java:190)
	at org.apache.struts.chain.ComposableRequestProcessor.process(ComposableRequestProcessor.java:283)
	at org.apache.struts.action.ActionServlet.process(ActionServlet.java:1913)
	at com.webratio.struts.servlets.WRActionServlet.process(WRActionServlet.java:155)
	at com.webratio.struts.servlets.WRActionServlet.doGet(WRActionServlet.java:109)
	at javax.servlet.http.HttpServlet.service(HttpServlet.java:620)
	at javax.servlet.http.HttpServlet.service(HttpServlet.java:727)
	at org.apache.catalina.core.ApplicationFilterChain.internalDoFilter(ApplicationFilterChain.java:303)
	at org.apache.catalina.core.ApplicationFilterChain.doFilter(ApplicationFilterChain.java:208)
	at org.apache.tomcat.websocket.server.WsFilter.doFilter(WsFilter.java:52)
	at org.apache.catalina.core.ApplicationFilterChain.internalDoFilter(ApplicationFilterChain.java:241)
	at org.apache.catalina.core.ApplicationFilterChain.doFilter(ApplicationFilterChain.java:208)
	at com.webratio.struts.filters.StaticResourceFilter.doFilter(StaticResourceFilter.java:78)
	at org.apache.catalina.core.ApplicationFilterChain.internalDoFilter(ApplicationFilterChain.java:241)
	at org.apache.catalina.core.ApplicationFilterChain.doFilter(ApplicationFilterChain.java:208)
	at com.webratio.struts.filters.WSFilter.doFilter(WSFilter.java:101)
	at org.apache.catalina.core.ApplicationFilterChain.internalDoFilter(ApplicationFilterChain.java:241)
	at org.apache.catalina.core.ApplicationFilterChain.doFilter(ApplicationFilterChain.java:208)
	at com.webratio.struts.filters.URLFragmentsFilter.doFilter(URLFragmentsFilter.java:59)
	at org.apache.catalina.core.ApplicationFilterChain.internalDoFilter(ApplicationFilterChain.java:241)
	at org.apache.catalina.core.ApplicationFilterChain.doFilter(ApplicationFilterChain.java:208)
	at org.apache.catalina.core.StandardWrapperValve.invoke(StandardWrapperValve.java:220)
	at org.apache.catalina.core.StandardContextValve.invoke(StandardContextValve.java:122)
	at org.apache.catalina.authenticator.AuthenticatorBase.invoke(AuthenticatorBase.java:501)
	at org.apache.catalina.core.StandardHostValve.invoke(StandardHostValve.java:170)
	at org.apache.catalina.valves.ErrorReportValve.invoke(ErrorReportValve.java:98)
	at org.apache.catalina.valves.AccessLogValve.invoke(AccessLogValve.java:950)
	at org.apache.catalina.core.StandardEngineValve.invoke(StandardEngineValve.java:116)
	at org.apache.catalina.connector.CoyoteAdapter.service(CoyoteAdapter.java:408)
	at org.apache.coyote.http11.AbstractHttp11Processor.process(AbstractHttp11Processor.java:1040)
	at org.apache.coyote.AbstractProtocol$AbstractConnectionHandler.process(AbstractProtocol.java:607)
	at org.apache.tomcat.util.net.JIoEndpoint$SocketProcessor.run(JIoEndpoint.java:313)
	at java.util.concurrent.ThreadPoolExecutor.runWorker(Unknown Source)
	at java.util.concurrent.ThreadPoolExecutor$Worker.run(Unknown Source)
	at java.lang.Thread.run(Unknown Source)
Caused by: groovy.lang.MissingMethodException: No signature of method: com.fasterxml.jackson.core.json.UTF8JsonGenerator.writeStringField() is applicable for argument types: (java.lang.String, java.lang.Integer) values: {"user_totalcredits", 0}
	at org.codehaus.groovy.runtime.ScriptBytecodeAdapter.unwrap(ScriptBytecodeAdapter.java:55)
	at org.codehaus.groovy.runtime.ScriptBytecodeAdapter.invokeMethodN(ScriptBytecodeAdapter.java:172)
	at script1414056755323$_run_closure1.doCall(script1414056755323.groovy:29)
	at sun.reflect.NativeMethodAccessorImpl.invoke0(Native Method)
	at sun.reflect.NativeMethodAccessorImpl.invoke(Unknown Source)
	at sun.reflect.DelegatingMethodAccessorImpl.invoke(Unknown Source)
	at java.lang.reflect.Method.invoke(Unknown Source)
	at org.codehaus.groovy.reflection.CachedMethod.invoke(CachedMethod.java:86)
	at groovy.lang.MetaMethod.doMethodInvoke(MetaMethod.java:230)
	at org.codehaus.groovy.runtime.metaclass.ClosureMetaClass.invokeMethod(ClosureMetaClass.java:248)
	at groovy.lang.MetaClassImpl.invokeMethod(MetaClassImpl.java:756)
	at groovy.lang.Closure.call(Closure.java:292)
	at org.codehaus.groovy.runtime.DefaultGroovyMethods.eachWithIndex(DefaultGroovyMethods.java:1072)
	at sun.reflect.NativeMethodAccessorImpl.invoke0(Native Method)
	at sun.reflect.NativeMethodAccessorImpl.invoke(Unknown Source)
	at sun.reflect.DelegatingMethodAccessorImpl.invoke(Unknown Source)
	at java.lang.reflect.Method.invoke(Unknown Source)
	at org.codehaus.groovy.runtime.metaclass.ReflectionMetaMethod.invoke(ReflectionMetaMethod.java:51)
	at org.codehaus.groovy.runtime.metaclass.NewInstanceMetaMethod.invoke(NewInstanceMetaMethod.java:54)
	at groovy.lang.MetaMethod.doMethodInvoke(MetaMethod.java:230)
	at groovy.lang.MetaClassImpl.invokeMethod(MetaClassImpl.java:912)
	at groovy.lang.MetaClassImpl.invokeMethod(MetaClassImpl.java:756)
	at org.codehaus.groovy.runtime.InvokerHelper.invokePojoMethod(InvokerHelper.java:766)
	at org.codehaus.groovy.runtime.InvokerHelper.invokeMethod(InvokerHelper.java:754)
	at org.codehaus.groovy.runtime.ScriptBytecodeAdapter.invokeMethodN(ScriptBytecodeAdapter.java:170)
	at script1414056755323.run(script1414056755323.groovy:24)
	at sun.reflect.NativeMethodAccessorImpl.invoke0(Native Method)
	at sun.reflect.NativeMethodAccessorImpl.invoke(Unknown Source)
	at sun.reflect.DelegatingMethodAccessorImpl.invoke(Unknown Source)
	at java.lang.reflect.Method.invoke(Unknown Source)
	at org.codehaus.groovy.reflection.CachedMethod.invoke(CachedMethod.java:86)
	at groovy.lang.MetaMethod.doMethodInvoke(MetaMethod.java:230)
	at groovy.lang.MetaClassImpl.invokeMethod(MetaClassImpl.java:912)
	at groovy.lang.MetaClassImpl.invokeMethod(MetaClassImpl.java:756)
	at groovy.lang.MetaClassImpl.invokeMethod(MetaClassImpl.java:665)
	at groovy.lang.GroovyObjectSupport.invokeMethod(GroovyObjectSupport.java:44)
	at groovy.lang.Script.invokeMethod(Script.java:78)
	at com.webratio.commons.transform.groovy.GroovyScriptInstance.run(GroovyScriptInstance.java:108)
	... 89 more
