23 ott 2014 09:46:53,996  INFO [http-bio-8080-exec-1]  (com.webratio.struts.actions.AbstractWRAction:53) - [CD2BC59AD00FEA44568A860FD6F8D6F6][/operation_miu20q]Operation action execution [first operation id=miu20q] done in 2575 ms
23 ott 2014 09:50:02,214  INFO [http-bio-8080-exec-4]  (com.webratio.struts.actions.AbstractWRAction:53) - [166EC8B50CAE90E121D52DAE39DAB409][page1q]Page action execution [id=page1q] done in 588 ms
23 ott 2014 09:50:10,840  INFO [http-bio-8080-exec-10]  (com.webratio.struts.actions.AbstractWRAction:53) - [166EC8B50CAE90E121D52DAE39DAB409][page1q]Page action execution [id=page1q] done in 1529 ms
23 ott 2014 09:50:18,672  INFO [http-bio-8080-exec-9]  (com.webratio.struts.actions.AbstractWRAction:53) - [166EC8B50CAE90E121D52DAE39DAB409][page20x]Page action execution [id=page20x] done in 271 ms
23 ott 2014 09:50:22,464  INFO [http-bio-8080-exec-9]  (com.webratio.struts.actions.AbstractWRAction:53) - [166EC8B50CAE90E121D52DAE39DAB409][page25q]Page action execution [id=page25q] done in 88 ms
23 ott 2014 09:50:25,570  INFO [http-bio-8080-exec-8]  (com.webratio.struts.actions.AbstractWRAction:53) - [166EC8B50CAE90E121D52DAE39DAB409][page24q]Page action execution [id=page24q] done in 326 ms
23 ott 2014 09:50:32,644  INFO [http-bio-8080-exec-1]  (com.webratio.struts.actions.AbstractWRAction:53) - [166EC8B50CAE90E121D52DAE39DAB409][page24q]Form page action execution [id=page24q] done in 1 ms
23 ott 2014 09:50:33,088  INFO [http-bio-8080-exec-1]  (com.webratio.struts.actions.AbstractWRAction:53) - [166EC8B50CAE90E121D52DAE39DAB409][/operation_miu23q]Operation action execution [first operation id=miu23q] done in 442 ms
23 ott 2014 09:50:33,093  INFO [http-bio-8080-exec-1]  (com.webratio.struts.actions.AbstractWRAction:53) - [166EC8B50CAE90E121D52DAE39DAB409][page25q]Page action pre-redirect execution [id=page25q] done in 2 ms
23 ott 2014 09:50:33,116  INFO [http-bio-8080-exec-1]  (com.webratio.struts.actions.AbstractWRAction:53) - [166EC8B50CAE90E121D52DAE39DAB409][page25q]Page action execution [id=page25q] done in 13 ms
23 ott 2014 09:50:35,315  INFO [http-bio-8080-exec-4]  (com.webratio.struts.actions.AbstractWRAction:53) - [166EC8B50CAE90E121D52DAE39DAB409][page24q]Page action execution [id=page24q] done in 8 ms
23 ott 2014 09:50:40,760  INFO [http-bio-8080-exec-4]  (com.webratio.struts.actions.AbstractWRAction:53) - [166EC8B50CAE90E121D52DAE39DAB409][page24q]Form page action execution [id=page24q] done in 0 ms
23 ott 2014 09:50:40,993  INFO [http-bio-8080-exec-4]  (com.webratio.struts.actions.AbstractWRAction:53) - [166EC8B50CAE90E121D52DAE39DAB409][/operation_miu23q]Operation action execution [first operation id=miu23q] done in 232 ms
23 ott 2014 09:50:40,996  INFO [http-bio-8080-exec-4]  (com.webratio.struts.actions.AbstractWRAction:53) - [166EC8B50CAE90E121D52DAE39DAB409][page25q]Page action pre-redirect execution [id=page25q] done in 2 ms
23 ott 2014 09:50:41,016  INFO [http-bio-8080-exec-4]  (com.webratio.struts.actions.AbstractWRAction:53) - [166EC8B50CAE90E121D52DAE39DAB409][page25q]Page action execution [id=page25q] done in 10 ms
23 ott 2014 09:50:43,883  INFO [http-bio-8080-exec-4]  (com.webratio.struts.actions.AbstractWRAction:53) - [166EC8B50CAE90E121D52DAE39DAB409][page20x]Page action execution [id=page20x] done in 80 ms
23 ott 2014 09:50:48,966  INFO [http-bio-8080-exec-4]  (com.webratio.struts.actions.AbstractWRAction:53) - [166EC8B50CAE90E121D52DAE39DAB409][page20x]Page action execution [id=page20x] done in 8 ms
23 ott 2014 09:50:50,985  INFO [http-bio-8080-exec-4]  (com.webratio.struts.actions.AbstractWRAction:53) - [166EC8B50CAE90E121D52DAE39DAB409][miu32q][/operation_miu32q]Operation action execution [first operation id=miu32q] done in 41 ms
23 ott 2014 09:50:50,998  INFO [http-bio-8080-exec-4]  (com.webratio.struts.actions.AbstractWRAction:53) - [166EC8B50CAE90E121D52DAE39DAB409][miu32q][page15q]Page action pre-redirect execution [id=page15q] done in 12 ms
23 ott 2014 09:50:51,177  INFO [http-bio-8080-exec-4]  (com.webratio.struts.actions.AbstractWRAction:53) - [166EC8B50CAE90E121D52DAE39DAB409][miu32q][page15q]Page action execution [id=page15q] done in 173 ms
23 ott 2014 09:52:25,913  INFO [http-bio-8080-exec-5]  (com.webratio.struts.actions.AbstractWRAction:53) - [166EC8B50CAE90E121D52DAE39DAB409][page15q]Form page action execution [id=page15q] done in 0 ms
23 ott 2014 09:52:26,783  INFO [http-bio-8080-exec-5]  (com.webratio.struts.actions.AbstractWRAction:53) - [166EC8B50CAE90E121D52DAE39DAB409][/operation_miu61q_miu32q]Operation action execution [first operation id=miu61q] done in 869 ms
23 ott 2014 09:52:26,787  INFO [http-bio-8080-exec-5]  (com.webratio.struts.actions.AbstractWRAction:53) - [166EC8B50CAE90E121D52DAE39DAB409][page20x]Page action pre-redirect execution [id=page20x] done in 2 ms
23 ott 2014 09:52:26,809  INFO [http-bio-8080-exec-5]  (com.webratio.struts.actions.AbstractWRAction:53) - [166EC8B50CAE90E121D52DAE39DAB409][page20x]Page action execution [id=page20x] done in 12 ms
23 ott 2014 09:52:34,428  INFO [http-bio-8080-exec-5]  (com.webratio.struts.actions.AbstractWRAction:53) - [166EC8B50CAE90E121D52DAE39DAB409][miu32q][/operation_miu32q]Operation action execution [first operation id=miu32q] done in 2 ms
23 ott 2014 09:52:34,430  INFO [http-bio-8080-exec-5]  (com.webratio.struts.actions.AbstractWRAction:53) - [166EC8B50CAE90E121D52DAE39DAB409][miu32q][page15q]Page action pre-redirect execution [id=page15q] done in 1 ms
23 ott 2014 09:52:34,442  INFO [http-bio-8080-exec-5]  (com.webratio.struts.actions.AbstractWRAction:53) - [166EC8B50CAE90E121D52DAE39DAB409][miu32q][page15q]Page action execution [id=page15q] done in 6 ms
23 ott 2014 09:54:56,506  INFO [http-bio-8080-exec-3]  (com.webratio.struts.actions.AbstractWRAction:53) - [166EC8B50CAE90E121D52DAE39DAB409][page15q]Form page action execution [id=page15q] done in 1 ms
23 ott 2014 09:54:56,761  INFO [http-bio-8080-exec-3]  (com.webratio.struts.actions.AbstractWRAction:53) - [166EC8B50CAE90E121D52DAE39DAB409][/operation_miu61q_miu32q]Operation action execution [first operation id=miu61q] done in 254 ms
23 ott 2014 09:54:56,765  INFO [http-bio-8080-exec-3]  (com.webratio.struts.actions.AbstractWRAction:53) - [166EC8B50CAE90E121D52DAE39DAB409][page20x]Page action pre-redirect execution [id=page20x] done in 1 ms
23 ott 2014 09:54:56,794  INFO [http-bio-8080-exec-3]  (com.webratio.struts.actions.AbstractWRAction:53) - [166EC8B50CAE90E121D52DAE39DAB409][page20x]Page action execution [id=page20x] done in 10 ms
23 ott 2014 09:54:59,493  INFO [http-bio-8080-exec-3]  (com.webratio.struts.actions.AbstractWRAction:53) - [166EC8B50CAE90E121D52DAE39DAB409][page20x]Page action execution [id=page20x] done in 8 ms
23 ott 2014 09:55:00,454  INFO [http-bio-8080-exec-3]  (com.webratio.struts.actions.AbstractWRAction:53) - [166EC8B50CAE90E121D52DAE39DAB409][page20x]Page action execution [id=page20x] done in 10 ms
23 ott 2014 09:55:01,783  INFO [http-bio-8080-exec-3]  (com.webratio.struts.actions.AbstractWRAction:53) - [166EC8B50CAE90E121D52DAE39DAB409][page20x]Page action execution [id=page20x] done in 9 ms
23 ott 2014 09:55:11,779  INFO [http-bio-8080-exec-1]  (com.webratio.struts.actions.AbstractWRAction:53) - [19694F9E1D5C67C6F528254467F6EF8F][/operation_miu20q]Operation action execution [first operation id=miu20q] done in 102 ms
23 ott 2014 10:34:23,830  INFO [http-bio-8080-exec-9]  (com.webratio.struts.actions.AbstractWRAction:53) - [9779BDE60B5179E840DA4AF51FCEFDC0][/operation_miu20q]Operation action execution [first operation id=miu20q] done in 6 ms
23 ott 2014 11:21:13,385  WARN [localhost-startStop-2]  (com.webratio.struts.RTXInitPlugIn:61) - Stopping application module 'community'
23 ott 2014 11:32:35,936  INFO [http-bio-8080-exec-1]  (com.webratio.struts.actions.AbstractWRAction:53) - [5BAF41DA07C001AD79F147655C5658B4][/operation_miu1]Operation action execution [first operation id=miu1] done in 809 ms
23 ott 2014 11:42:15,206  INFO [http-bio-8080-exec-1]  (com.webratio.struts.actions.AbstractWRAction:53) - [F12B6CA063B8BEE57678D28B9F5BFF8A][/operation_miu1]Operation action execution [first operation id=miu1] done in 537 ms
23 ott 2014 11:45:14,859  WARN [ContainerBackgroundProcessor[StandardEngine[Catalina]]]  (com.webratio.struts.RTXInitPlugIn:61) - Stopping application module 'community'
23 ott 2014 11:45:42,316  INFO [http-bio-8080-exec-4]  (com.webratio.struts.actions.AbstractWRAction:53) - [14603359F765C786C50EB307F3D3A8AC][/operation_miu1]Operation action execution [first operation id=miu1] done in 748 ms
23 ott 2014 11:46:39,929  INFO [http-bio-8080-exec-5]  (com.webratio.struts.actions.AbstractWRAction:53) - [ABC7F2A67D7BEBDEF8E73555F11B00E0][/operation_scu5q]Operation action execution [first operation id=scu5q] done in 6034 ms
23 ott 2014 11:46:51,601  INFO [http-bio-8080-exec-3]  (com.webratio.struts.actions.AbstractWRAction:53) - [F99ED76103E6AE3136835EC400B15689][/operation_miu1]Operation action execution [first operation id=miu1] done in 8 ms
23 ott 2014 11:47:40,209  WARN [ContainerBackgroundProcessor[StandardEngine[Catalina]]]  (com.webratio.struts.RTXInitPlugIn:61) - Stopping application module 'community'
23 ott 2014 11:48:01,725  INFO [http-bio-8080-exec-13]  (com.webratio.struts.actions.AbstractWRAction:53) - [5447298044CC0A0C2E1027EAB65AE8FB][/operation_scu5q]Operation action execution [first operation id=scu5q] done in 2418 ms
23 ott 2014 11:48:06,128  INFO [http-bio-8080-exec-6]  (com.webratio.struts.actions.AbstractWRAction:53) - [0742AEF5A593B166D2893304FADF1AE4][/operation_miu1]Operation action execution [first operation id=miu1] done in 85 ms
23 ott 2014 11:48:26,388  INFO [http-bio-8080-exec-7]  (com.webratio.struts.actions.AbstractWRAction:53) - [E49C2FDB81F6D4427200BCBF3A87C83D][/operation_scu5q]Operation action execution [first operation id=scu5q] done in 1148 ms
23 ott 2014 11:48:30,233  INFO [http-bio-8080-exec-16]  (com.webratio.struts.actions.AbstractWRAction:53) - [628E07C64CE5D08CAB60C3298B51B1D9][/operation_miu1]Operation action execution [first operation id=miu1] done in 6 ms
24 ott 2014 12:49:33,808  INFO [http-bio-8080-exec-4]  (com.webratio.struts.actions.AbstractWRAction:53) - [C06F7DC74FF08393E669F97959A6CF36][page9q]Page action execution [id=page9q] done in 2687 ms
24 ott 2014 12:49:36,730  INFO [http-bio-8080-exec-9]  (com.webratio.struts.actions.AbstractWRAction:53) - [C06F7DC74FF08393E669F97959A6CF36][page9q]Page action execution [id=page9q] done in 330 ms
24 ott 2014 12:49:45,370  INFO [http-bio-8080-exec-9]  (com.webratio.struts.actions.AbstractWRAction:53) - [C06F7DC74FF08393E669F97959A6CF36][/operation_ju5q]Operation action execution [first operation id=ju5q] done in 187 ms
24 ott 2014 12:49:45,372  INFO [http-bio-8080-exec-9]  (com.webratio.struts.actions.AbstractWRAction:53) - [C06F7DC74FF08393E669F97959A6CF36][page20p]Page action pre-redirect execution [id=page20p] done in 1 ms
24 ott 2014 12:49:46,640  INFO [http-bio-8080-exec-9]  (com.webratio.struts.actions.AbstractWRAction:53) - [C06F7DC74FF08393E669F97959A6CF36][page20p]Page action execution [id=page20p] done in 1263 ms
24 ott 2014 12:50:11,378  INFO [http-bio-8080-exec-8]  (com.webratio.struts.actions.AbstractWRAction:53) - [C06F7DC74FF08393E669F97959A6CF36][page20p]Page action execution [id=page20p] done in 1564 ms
24 ott 2014 12:50:32,158  INFO [http-bio-8080-exec-4]  (com.webratio.struts.actions.AbstractWRAction:53) - [C06F7DC74FF08393E669F97959A6CF36][/operation_pcu4q]Operation action execution [first operation id=pcu4q] done in 147 ms
24 ott 2014 12:50:32,211  INFO [http-bio-8080-exec-4]  (com.webratio.struts.actions.AbstractWRAction:53) - [C06F7DC74FF08393E669F97959A6CF36][page7p]Page action pre-redirect execution [id=page7p] done in 30 ms
24 ott 2014 12:50:33,017  INFO [http-bio-8080-exec-4]  (com.webratio.struts.actions.AbstractWRAction:53) - [C06F7DC74FF08393E669F97959A6CF36][page7p]Page action execution [id=page7p] done in 801 ms
24 ott 2014 12:51:11,236  INFO [http-bio-8080-exec-9]  (com.webratio.struts.actions.AbstractWRAction:53) - [C06F7DC74FF08393E669F97959A6CF36][page7p]Form page action execution [id=page7p] done in 1 ms
24 ott 2014 12:51:11,268  INFO [http-bio-8080-exec-9]  (com.webratio.struts.actions.AbstractWRAction:53) - [C06F7DC74FF08393E669F97959A6CF36][/operation_miu17q]Operation action execution [first operation id=miu17q] done in 31 ms
24 ott 2014 12:51:11,585  INFO [http-bio-8080-exec-9]  (com.webratio.struts.actions.AbstractWRAction:53) - [C06F7DC74FF08393E669F97959A6CF36][page7p]Page action execution [id=page7p] done in 317 ms
24 ott 2014 12:51:13,849  INFO [http-bio-8080-exec-9]  (com.webratio.struts.actions.AbstractWRAction:53) - [C06F7DC74FF08393E669F97959A6CF36][page7p]Form page action execution [id=page7p] done in 0 ms
24 ott 2014 12:51:13,852  INFO [http-bio-8080-exec-9]  (com.webratio.struts.actions.AbstractWRAction:53) - [C06F7DC74FF08393E669F97959A6CF36][/operation_miu17q]Operation action execution [first operation id=miu17q] done in 2 ms
24 ott 2014 12:51:13,916  INFO [http-bio-8080-exec-9]  (com.webratio.struts.actions.AbstractWRAction:53) - [C06F7DC74FF08393E669F97959A6CF36][page7p]Page action execution [id=page7p] done in 64 ms
24 ott 2014 12:51:15,529  INFO [http-bio-8080-exec-9]  (com.webratio.struts.actions.AbstractWRAction:53) - [C06F7DC74FF08393E669F97959A6CF36][page7p]Form page action execution [id=page7p] done in 0 ms
24 ott 2014 12:51:15,533  INFO [http-bio-8080-exec-9]  (com.webratio.struts.actions.AbstractWRAction:53) - [C06F7DC74FF08393E669F97959A6CF36][/operation_miu17q]Operation action execution [first operation id=miu17q] done in 2 ms
24 ott 2014 12:51:15,618  INFO [http-bio-8080-exec-9]  (com.webratio.struts.actions.AbstractWRAction:53) - [C06F7DC74FF08393E669F97959A6CF36][page7p]Page action execution [id=page7p] done in 84 ms
24 ott 2014 12:51:18,487  INFO [http-bio-8080-exec-9]  (com.webratio.struts.actions.AbstractWRAction:53) - [C06F7DC74FF08393E669F97959A6CF36][page7p]Form page action execution [id=page7p] done in 1 ms
24 ott 2014 12:51:18,490  INFO [http-bio-8080-exec-9]  (com.webratio.struts.actions.AbstractWRAction:53) - [C06F7DC74FF08393E669F97959A6CF36][/operation_miu17q]Operation action execution [first operation id=miu17q] done in 2 ms
24 ott 2014 12:51:18,526  INFO [http-bio-8080-exec-9]  (com.webratio.struts.actions.AbstractWRAction:53) - [C06F7DC74FF08393E669F97959A6CF36][page7p]Page action execution [id=page7p] done in 36 ms
24 ott 2014 13:15:56,829  INFO [http-bio-8080-exec-2]  (com.webratio.struts.actions.AbstractWRAction:53) - [C06F7DC74FF08393E669F97959A6CF36][page7p]Form page action execution [id=page7p] done in 0 ms
24 ott 2014 13:15:56,831  INFO [http-bio-8080-exec-2]  (com.webratio.struts.actions.AbstractWRAction:53) - [C06F7DC74FF08393E669F97959A6CF36][/operation_miu17q]Operation action execution [first operation id=miu17q] done in 1 ms
24 ott 2014 13:15:56,865  INFO [http-bio-8080-exec-2]  (com.webratio.struts.actions.AbstractWRAction:53) - [C06F7DC74FF08393E669F97959A6CF36][page7p]Page action execution [id=page7p] done in 33 ms
24 ott 2014 13:15:59,902  INFO [http-bio-8080-exec-2]  (com.webratio.struts.actions.AbstractWRAction:53) - [C06F7DC74FF08393E669F97959A6CF36][page7p]Form page action execution [id=page7p] done in 0 ms
24 ott 2014 13:15:59,904  INFO [http-bio-8080-exec-2]  (com.webratio.struts.actions.AbstractWRAction:53) - [C06F7DC74FF08393E669F97959A6CF36][/operation_miu17q]Operation action execution [first operation id=miu17q] done in 1 ms
24 ott 2014 13:15:59,936  INFO [http-bio-8080-exec-2]  (com.webratio.struts.actions.AbstractWRAction:53) - [C06F7DC74FF08393E669F97959A6CF36][page7p]Page action execution [id=page7p] done in 31 ms
24 ott 2014 13:18:51,467  INFO [http-bio-8080-exec-1]  (com.webratio.struts.actions.AbstractWRAction:53) - [C06F7DC74FF08393E669F97959A6CF36][page7p]Form page action execution [id=page7p] done in 0 ms
24 ott 2014 13:18:51,470  INFO [http-bio-8080-exec-1]  (com.webratio.struts.actions.AbstractWRAction:53) - [C06F7DC74FF08393E669F97959A6CF36][/operation_miu17q]Operation action execution [first operation id=miu17q] done in 2 ms
24 ott 2014 13:18:51,502  INFO [http-bio-8080-exec-1]  (com.webratio.struts.actions.AbstractWRAction:53) - [C06F7DC74FF08393E669F97959A6CF36][page7p]Page action execution [id=page7p] done in 31 ms
24 ott 2014 13:18:53,642  INFO [http-bio-8080-exec-1]  (com.webratio.struts.actions.AbstractWRAction:53) - [C06F7DC74FF08393E669F97959A6CF36][page7p]Form page action execution [id=page7p] done in 1 ms
24 ott 2014 13:18:53,643  INFO [http-bio-8080-exec-1]  (com.webratio.struts.actions.AbstractWRAction:53) - [C06F7DC74FF08393E669F97959A6CF36][/operation_miu17q]Operation action execution [first operation id=miu17q] done in 1 ms
24 ott 2014 13:18:53,670  INFO [http-bio-8080-exec-1]  (com.webratio.struts.actions.AbstractWRAction:53) - [C06F7DC74FF08393E669F97959A6CF36][page7p]Page action execution [id=page7p] done in 26 ms
24 ott 2014 15:26:00,301  INFO [http-bio-8080-exec-82]  (com.webratio.struts.actions.AbstractWRAction:53) - [2B92006703A12EB99F0D6850D7ABE737][page9q]Page action execution [id=page9q] done in 181 ms
24 ott 2014 15:26:02,916  INFO [http-bio-8080-exec-82]  (com.webratio.struts.actions.AbstractWRAction:53) - [2B92006703A12EB99F0D6850D7ABE737][/operation_ju5q]Operation action execution [first operation id=ju5q] done in 1 ms
24 ott 2014 15:26:02,918  INFO [http-bio-8080-exec-82]  (com.webratio.struts.actions.AbstractWRAction:53) - [2B92006703A12EB99F0D6850D7ABE737][page20p]Page action pre-redirect execution [id=page20p] done in 1 ms
24 ott 2014 15:26:03,046  INFO [http-bio-8080-exec-82]  (com.webratio.struts.actions.AbstractWRAction:53) - [2B92006703A12EB99F0D6850D7ABE737][page20p]Page action execution [id=page20p] done in 123 ms
24 ott 2014 15:26:12,781  INFO [http-bio-8080-exec-82]  (com.webratio.struts.actions.AbstractWRAction:53) - [2B92006703A12EB99F0D6850D7ABE737][page20p]Page action execution [id=page20p] done in 663 ms
24 ott 2014 15:26:16,246  INFO [http-bio-8080-exec-90]  (com.webratio.struts.actions.AbstractWRAction:53) - [2B92006703A12EB99F0D6850D7ABE737][/operation_pcu4q]Operation action execution [first operation id=pcu4q] done in 3 ms
24 ott 2014 15:26:16,248  INFO [http-bio-8080-exec-90]  (com.webratio.struts.actions.AbstractWRAction:53) - [2B92006703A12EB99F0D6850D7ABE737][page7p]Page action pre-redirect execution [id=page7p] done in 1 ms
24 ott 2014 15:26:16,400  INFO [http-bio-8080-exec-90]  (com.webratio.struts.actions.AbstractWRAction:53) - [2B92006703A12EB99F0D6850D7ABE737][page7p]Page action execution [id=page7p] done in 148 ms
27 ott 2014 09:20:12,041  INFO [http-bio-8080-exec-6]  (com.webratio.struts.actions.AbstractWRAction:53) - [BFA34930D784C6B298BAC4A5AA165837][page9q]Page action execution [id=page9q] done in 1736 ms
27 ott 2014 09:20:18,847  INFO [http-bio-8080-exec-5]  (com.webratio.struts.actions.AbstractWRAction:53) - [BFA34930D784C6B298BAC4A5AA165837][/operation_ju5q]Operation action execution [first operation id=ju5q] done in 250 ms
27 ott 2014 09:20:18,849  INFO [http-bio-8080-exec-5]  (com.webratio.struts.actions.AbstractWRAction:53) - [BFA34930D784C6B298BAC4A5AA165837][page20p]Page action pre-redirect execution [id=page20p] done in 1 ms
27 ott 2014 09:20:19,978  INFO [http-bio-8080-exec-5]  (com.webratio.struts.actions.AbstractWRAction:53) - [BFA34930D784C6B298BAC4A5AA165837][page20p]Page action execution [id=page20p] done in 1123 ms
27 ott 2014 09:20:29,992  INFO [http-bio-8080-exec-5]  (com.webratio.struts.actions.AbstractWRAction:53) - [BFA34930D784C6B298BAC4A5AA165837][page20p]Page action execution [id=page20p] done in 1662 ms
27 ott 2014 09:20:36,479  INFO [http-bio-8080-exec-1]  (com.webratio.struts.actions.AbstractWRAction:53) - [BFA34930D784C6B298BAC4A5AA165837][/operation_pcu4q]Operation action execution [first operation id=pcu4q] done in 133 ms
27 ott 2014 09:20:36,532  INFO [http-bio-8080-exec-1]  (com.webratio.struts.actions.AbstractWRAction:53) - [BFA34930D784C6B298BAC4A5AA165837][page7p]Page action pre-redirect execution [id=page7p] done in 38 ms
27 ott 2014 09:23:23,983  INFO [http-bio-8080-exec-1]  (com.webratio.struts.actions.AbstractWRAction:53) - [BFA34930D784C6B298BAC4A5AA165837][page7p]Page action execution [id=page7p] done in 167426 ms
27 ott 2014 09:23:39,304  INFO [http-bio-8080-exec-1]  (com.webratio.struts.actions.AbstractWRAction:53) - [BFA34930D784C6B298BAC4A5AA165837][page7p]Form page action execution [id=page7p] done in 0 ms
27 ott 2014 09:23:39,347  INFO [http-bio-8080-exec-1]  (com.webratio.struts.actions.AbstractWRAction:53) - [BFA34930D784C6B298BAC4A5AA165837][/operation_miu17q]Operation action execution [first operation id=miu17q] done in 42 ms
27 ott 2014 09:24:11,079  INFO [http-bio-8080-exec-1]  (com.webratio.struts.actions.AbstractWRAction:53) - [BFA34930D784C6B298BAC4A5AA165837][page7p]Page action execution [id=page7p] done in 31731 ms
27 ott 2014 09:24:15,120  INFO [http-bio-8080-exec-1]  (com.webratio.struts.actions.AbstractWRAction:53) - [BFA34930D784C6B298BAC4A5AA165837][page7p]Form page action execution [id=page7p] done in 0 ms
27 ott 2014 09:24:15,122  INFO [http-bio-8080-exec-1]  (com.webratio.struts.actions.AbstractWRAction:53) - [BFA34930D784C6B298BAC4A5AA165837][/operation_miu17q]Operation action execution [first operation id=miu17q] done in 1 ms
27 ott 2014 09:24:48,683  INFO [http-bio-8080-exec-1]  (com.webratio.struts.actions.AbstractWRAction:53) - [BFA34930D784C6B298BAC4A5AA165837][page7p]Page action execution [id=page7p] done in 33560 ms
27 ott 2014 10:16:15,493  INFO [http-bio-8080-exec-24]  (com.webratio.struts.actions.AbstractWRAction:53) - [C21675B172538BDA7AA3CB37F3073859][page9q]Page action execution [id=page9q] done in 552 ms
27 ott 2014 10:16:17,445  INFO [http-bio-8080-exec-23]  (com.webratio.struts.actions.AbstractWRAction:53) - [C21675B172538BDA7AA3CB37F3073859][/operation_ju5q]Operation action execution [first operation id=ju5q] done in 126 ms
27 ott 2014 10:16:17,447  INFO [http-bio-8080-exec-23]  (com.webratio.struts.actions.AbstractWRAction:53) - [C21675B172538BDA7AA3CB37F3073859][page20p]Page action pre-redirect execution [id=page20p] done in 1 ms
27 ott 2014 10:16:17,604  INFO [http-bio-8080-exec-19]  (com.webratio.struts.actions.AbstractWRAction:53) - [C21675B172538BDA7AA3CB37F3073859][page20p]Page action execution [id=page20p] done in 151 ms
27 ott 2014 10:16:24,800  INFO [http-bio-8080-exec-19]  (com.webratio.struts.actions.AbstractWRAction:53) - [C21675B172538BDA7AA3CB37F3073859][page20p]Page action execution [id=page20p] done in 432 ms
27 ott 2014 10:16:29,630  INFO [http-bio-8080-exec-19]  (com.webratio.struts.actions.AbstractWRAction:53) - [C21675B172538BDA7AA3CB37F3073859][/operation_pcu4q]Operation action execution [first operation id=pcu4q] done in 62 ms
27 ott 2014 10:16:29,648  INFO [http-bio-8080-exec-19]  (com.webratio.struts.actions.AbstractWRAction:53) - [C21675B172538BDA7AA3CB37F3073859][page7p]Page action pre-redirect execution [id=page7p] done in 13 ms
27 ott 2014 10:16:40,548  INFO [http-bio-8080-exec-28]  (com.webratio.struts.actions.AbstractWRAction:53) - [C21675B172538BDA7AA3CB37F3073859][page7p]Page action execution [id=page7p] done in 10894 ms
27 ott 2014 10:21:00,050  INFO [http-bio-8080-exec-23]  (com.webratio.struts.actions.AbstractWRAction:53) - [C21675B172538BDA7AA3CB37F3073859][page9q]Page action execution [id=page9q] done in 112 ms
27 ott 2014 10:21:02,074  INFO [http-bio-8080-exec-23]  (com.webratio.struts.actions.AbstractWRAction:53) - [C21675B172538BDA7AA3CB37F3073859][/operation_ju5q]Operation action execution [first operation id=ju5q] done in 3 ms
27 ott 2014 10:21:02,076  INFO [http-bio-8080-exec-23]  (com.webratio.struts.actions.AbstractWRAction:53) - [C21675B172538BDA7AA3CB37F3073859][page20p]Page action pre-redirect execution [id=page20p] done in 1 ms
27 ott 2014 10:21:02,167  INFO [http-bio-8080-exec-23]  (com.webratio.struts.actions.AbstractWRAction:53) - [C21675B172538BDA7AA3CB37F3073859][page20p]Page action execution [id=page20p] done in 77 ms
27 ott 2014 10:21:08,512  INFO [http-bio-8080-exec-23]  (com.webratio.struts.actions.AbstractWRAction:53) - [C21675B172538BDA7AA3CB37F3073859][/operation_pcu4q]Operation action execution [first operation id=pcu4q] done in 4 ms
27 ott 2014 10:21:08,513  INFO [http-bio-8080-exec-23]  (com.webratio.struts.actions.AbstractWRAction:53) - [C21675B172538BDA7AA3CB37F3073859][page7p]Page action pre-redirect execution [id=page7p] done in 0 ms
27 ott 2014 10:21:08,551  INFO [http-bio-8080-exec-23]  (com.webratio.struts.actions.AbstractWRAction:53) - [C21675B172538BDA7AA3CB37F3073859][page7p]Page action execution [id=page7p] done in 32 ms
27 ott 2014 10:21:28,618  INFO [http-bio-8080-exec-23]  (com.webratio.struts.actions.AbstractWRAction:53) - [C21675B172538BDA7AA3CB37F3073859][/operation_pcu4q]Operation action execution [first operation id=pcu4q] done in 4 ms
27 ott 2014 10:21:28,624  INFO [http-bio-8080-exec-23]  (com.webratio.struts.actions.AbstractWRAction:53) - [C21675B172538BDA7AA3CB37F3073859][page7p]Page action pre-redirect execution [id=page7p] done in 3 ms
27 ott 2014 10:22:19,929  INFO [http-bio-8080-exec-23]  (com.webratio.struts.actions.AbstractWRAction:53) - [C21675B172538BDA7AA3CB37F3073859][page7p]Page action execution [id=page7p] done in 51298 ms
27 ott 2014 11:23:12,184  INFO [http-bio-8080-exec-63]  (com.webratio.struts.actions.AbstractWRAction:53) - [A5774A79FDFD4F66FC559AF027BF951D][page9q]Page action execution [id=page9q] done in 541 ms
27 ott 2014 11:23:14,314  INFO [http-bio-8080-exec-64]  (com.webratio.struts.actions.AbstractWRAction:53) - [A5774A79FDFD4F66FC559AF027BF951D][/operation_ju5q]Operation action execution [first operation id=ju5q] done in 155 ms
27 ott 2014 11:23:14,317  INFO [http-bio-8080-exec-64]  (com.webratio.struts.actions.AbstractWRAction:53) - [A5774A79FDFD4F66FC559AF027BF951D][page20p]Page action pre-redirect execution [id=page20p] done in 1 ms
27 ott 2014 11:23:14,478  INFO [http-bio-8080-exec-69]  (com.webratio.struts.actions.AbstractWRAction:53) - [A5774A79FDFD4F66FC559AF027BF951D][page20p]Page action execution [id=page20p] done in 156 ms
27 ott 2014 11:23:19,993  INFO [http-bio-8080-exec-66]  (com.webratio.struts.actions.AbstractWRAction:53) - [A5774A79FDFD4F66FC559AF027BF951D][page20p]Page action execution [id=page20p] done in 419 ms
27 ott 2014 11:23:34,338  INFO [http-bio-8080-exec-69]  (com.webratio.struts.actions.AbstractWRAction:53) - [A5774A79FDFD4F66FC559AF027BF951D][/operation_pcu4q]Operation action execution [first operation id=pcu4q] done in 74 ms
27 ott 2014 11:23:34,357  INFO [http-bio-8080-exec-69]  (com.webratio.struts.actions.AbstractWRAction:53) - [A5774A79FDFD4F66FC559AF027BF951D][page7p]Page action pre-redirect execution [id=page7p] done in 15 ms
27 ott 2014 11:24:12,784  INFO [http-bio-8080-exec-69]  (com.webratio.struts.actions.AbstractWRAction:53) - [A5774A79FDFD4F66FC559AF027BF951D][page7p]Page action execution [id=page7p] done in 38420 ms
27 ott 2014 11:24:18,024  INFO [http-bio-8080-exec-69]  (com.webratio.struts.actions.AbstractWRAction:53) - [A5774A79FDFD4F66FC559AF027BF951D][page7p]Form page action execution [id=page7p] done in 1 ms
27 ott 2014 11:24:18,047  INFO [http-bio-8080-exec-69]  (com.webratio.struts.actions.AbstractWRAction:53) - [A5774A79FDFD4F66FC559AF027BF951D][/operation_miu17q]Operation action execution [first operation id=miu17q] done in 22 ms
27 ott 2014 11:24:55,501  INFO [http-bio-8080-exec-69]  (com.webratio.struts.actions.AbstractWRAction:53) - [A5774A79FDFD4F66FC559AF027BF951D][page7p]Page action execution [id=page7p] done in 37452 ms
27 ott 2014 12:12:23,355  INFO [http-bio-8080-exec-18]  (com.webratio.struts.actions.AbstractWRAction:53) - [6A6500E6984E07EEF702357766072133][page9q]Page action execution [id=page9q] done in 745 ms
27 ott 2014 12:12:23,790  INFO [http-bio-8080-exec-17]  (com.webratio.struts.actions.AbstractWRAction:53) - [6A6500E6984E07EEF702357766072133][page9q]Page action execution [id=page9q] done in 14 ms
27 ott 2014 12:12:28,130  INFO [http-bio-8080-exec-17]  (com.webratio.struts.actions.AbstractWRAction:53) - [6A6500E6984E07EEF702357766072133][/operation_ju5q]Operation action execution [first operation id=ju5q] done in 108 ms
27 ott 2014 12:12:28,132  INFO [http-bio-8080-exec-17]  (com.webratio.struts.actions.AbstractWRAction:53) - [6A6500E6984E07EEF702357766072133][page20p]Page action pre-redirect execution [id=page20p] done in 1 ms
27 ott 2014 12:12:28,272  INFO [http-bio-8080-exec-17]  (com.webratio.struts.actions.AbstractWRAction:53) - [6A6500E6984E07EEF702357766072133][page20p]Page action execution [id=page20p] done in 136 ms
27 ott 2014 12:12:33,883  INFO [http-bio-8080-exec-17]  (com.webratio.struts.actions.AbstractWRAction:53) - [6A6500E6984E07EEF702357766072133][page20p]Page action execution [id=page20p] done in 433 ms
27 ott 2014 12:12:39,286  INFO [http-bio-8080-exec-20]  (com.webratio.struts.actions.AbstractWRAction:53) - [6A6500E6984E07EEF702357766072133][/operation_pcu4q]Operation action execution [first operation id=pcu4q] done in 68 ms
27 ott 2014 12:12:39,305  INFO [http-bio-8080-exec-20]  (com.webratio.struts.actions.AbstractWRAction:53) - [6A6500E6984E07EEF702357766072133][page7p]Page action pre-redirect execution [id=page7p] done in 15 ms
27 ott 2014 12:12:39,664  INFO [http-bio-8080-exec-20]  (com.webratio.struts.actions.AbstractWRAction:53) - [6A6500E6984E07EEF702357766072133][page7p]Page action execution [id=page7p] done in 310 ms
27 ott 2014 12:12:47,592  INFO [http-bio-8080-exec-16]  (com.webratio.struts.actions.AbstractWRAction:53) - [6A6500E6984E07EEF702357766072133][page7p]Form page action execution [id=page7p] done in 0 ms
27 ott 2014 12:12:47,611  INFO [http-bio-8080-exec-16]  (com.webratio.struts.actions.AbstractWRAction:53) - [6A6500E6984E07EEF702357766072133][/operation_miu17q]Operation action execution [first operation id=miu17q] done in 18 ms
27 ott 2014 12:12:47,651  INFO [http-bio-8080-exec-16]  (com.webratio.struts.actions.AbstractWRAction:53) - [6A6500E6984E07EEF702357766072133][page7p]Page action execution [id=page7p] done in 40 ms
27 ott 2014 12:13:47,324  INFO [http-bio-8080-exec-14]  (com.webratio.struts.actions.AbstractWRAction:53) - [6A6500E6984E07EEF702357766072133][page7p]Form page action execution [id=page7p] done in 0 ms
27 ott 2014 12:13:47,327  INFO [http-bio-8080-exec-14]  (com.webratio.struts.actions.AbstractWRAction:53) - [6A6500E6984E07EEF702357766072133][/operation_miu17q]Operation action execution [first operation id=miu17q] done in 2 ms
27 ott 2014 12:13:48,072  INFO [http-bio-8080-exec-14]  (com.webratio.struts.actions.AbstractWRAction:53) - [6A6500E6984E07EEF702357766072133][page7p]Page action execution [id=page7p] done in 744 ms
27 ott 2014 12:13:50,723  INFO [http-bio-8080-exec-14]  (com.webratio.struts.actions.AbstractWRAction:53) - [6A6500E6984E07EEF702357766072133][page7p]Form page action execution [id=page7p] done in 0 ms
27 ott 2014 12:13:50,726  INFO [http-bio-8080-exec-14]  (com.webratio.struts.actions.AbstractWRAction:53) - [6A6500E6984E07EEF702357766072133][/operation_miu17q]Operation action execution [first operation id=miu17q] done in 2 ms
27 ott 2014 12:13:50,874  INFO [http-bio-8080-exec-14]  (com.webratio.struts.actions.AbstractWRAction:53) - [6A6500E6984E07EEF702357766072133][page7p]Page action execution [id=page7p] done in 147 ms
27 ott 2014 12:13:51,477  INFO [http-bio-8080-exec-14]  (com.webratio.struts.actions.AbstractWRAction:53) - [6A6500E6984E07EEF702357766072133][page7p]Form page action execution [id=page7p] done in 1 ms
27 ott 2014 12:13:51,479  INFO [http-bio-8080-exec-14]  (com.webratio.struts.actions.AbstractWRAction:53) - [6A6500E6984E07EEF702357766072133][/operation_miu17q]Operation action execution [first operation id=miu17q] done in 1 ms
27 ott 2014 12:13:51,570  INFO [http-bio-8080-exec-14]  (com.webratio.struts.actions.AbstractWRAction:53) - [6A6500E6984E07EEF702357766072133][page7p]Page action execution [id=page7p] done in 90 ms
27 ott 2014 12:13:52,274  INFO [http-bio-8080-exec-14]  (com.webratio.struts.actions.AbstractWRAction:53) - [6A6500E6984E07EEF702357766072133][page7p]Form page action execution [id=page7p] done in 0 ms
27 ott 2014 12:13:52,276  INFO [http-bio-8080-exec-14]  (com.webratio.struts.actions.AbstractWRAction:53) - [6A6500E6984E07EEF702357766072133][/operation_miu17q]Operation action execution [first operation id=miu17q] done in 1 ms
27 ott 2014 12:13:52,308  INFO [http-bio-8080-exec-14]  (com.webratio.struts.actions.AbstractWRAction:53) - [6A6500E6984E07EEF702357766072133][page7p]Page action execution [id=page7p] done in 31 ms
27 ott 2014 12:13:58,887  INFO [http-bio-8080-exec-14]  (com.webratio.struts.actions.AbstractWRAction:53) - [6A6500E6984E07EEF702357766072133][page7p]Form page action execution [id=page7p] done in 0 ms
27 ott 2014 12:13:58,890  INFO [http-bio-8080-exec-14]  (com.webratio.struts.actions.AbstractWRAction:53) - [6A6500E6984E07EEF702357766072133][/operation_miu17q]Operation action execution [first operation id=miu17q] done in 2 ms
27 ott 2014 12:13:58,929  INFO [http-bio-8080-exec-14]  (com.webratio.struts.actions.AbstractWRAction:53) - [6A6500E6984E07EEF702357766072133][page7p]Page action execution [id=page7p] done in 38 ms
27 ott 2014 12:14:00,139  INFO [http-bio-8080-exec-14]  (com.webratio.struts.actions.AbstractWRAction:53) - [6A6500E6984E07EEF702357766072133][page7p]Form page action execution [id=page7p] done in 1 ms
27 ott 2014 12:14:00,142  INFO [http-bio-8080-exec-14]  (com.webratio.struts.actions.AbstractWRAction:53) - [6A6500E6984E07EEF702357766072133][/operation_miu17q]Operation action execution [first operation id=miu17q] done in 2 ms
27 ott 2014 12:14:00,313  INFO [http-bio-8080-exec-14]  (com.webratio.struts.actions.AbstractWRAction:53) - [6A6500E6984E07EEF702357766072133][page7p]Page action execution [id=page7p] done in 170 ms
27 ott 2014 12:16:25,989  INFO [http-bio-8080-exec-11]  (com.webratio.struts.actions.AbstractWRAction:53) - [6A6500E6984E07EEF702357766072133][page7p]Page action execution [id=page7p] done in 28 ms
27 ott 2014 12:39:02,451  INFO [http-bio-8080-exec-35]  (com.webratio.struts.actions.AbstractWRAction:53) - [6A6500E6984E07EEF702357766072133][/operation_pcu4q]Operation action execution [first operation id=pcu4q] done in 4 ms
27 ott 2014 12:39:02,452  INFO [http-bio-8080-exec-35]  (com.webratio.struts.actions.AbstractWRAction:53) - [6A6500E6984E07EEF702357766072133][page7p]Page action pre-redirect execution [id=page7p] done in 0 ms
27 ott 2014 12:39:13,155  INFO [http-bio-8080-exec-37]  (com.webratio.struts.actions.AbstractWRAction:53) - [6A6500E6984E07EEF702357766072133][/operation_pcu4q]Operation action execution [first operation id=pcu4q] done in 5 ms
27 ott 2014 12:39:13,157  INFO [http-bio-8080-exec-37]  (com.webratio.struts.actions.AbstractWRAction:53) - [6A6500E6984E07EEF702357766072133][page7p]Page action pre-redirect execution [id=page7p] done in 1 ms
27 ott 2014 12:39:21,605  INFO [http-bio-8080-exec-37]  (com.webratio.struts.actions.AbstractWRAction:53) - [6A6500E6984E07EEF702357766072133][page7p]Page action execution [id=page7p] done in 8442 ms
27 ott 2014 12:39:30,871  INFO [http-bio-8080-exec-37]  (com.webratio.struts.actions.AbstractWRAction:53) - [6A6500E6984E07EEF702357766072133][page7p]Form page action execution [id=page7p] done in 0 ms
27 ott 2014 12:39:30,873  INFO [http-bio-8080-exec-37]  (com.webratio.struts.actions.AbstractWRAction:53) - [6A6500E6984E07EEF702357766072133][/operation_miu17q]Operation action execution [first operation id=miu17q] done in 1 ms
27 ott 2014 12:40:33,503  INFO [http-bio-8080-exec-37]  (com.webratio.struts.actions.AbstractWRAction:53) - [6A6500E6984E07EEF702357766072133][page7p]Page action execution [id=page7p] done in 62629 ms
27 ott 2014 12:40:33,551  INFO [http-bio-8080-exec-35]  (com.webratio.struts.actions.AbstractWRAction:53) - [6A6500E6984E07EEF702357766072133][page7p]Page action execution [id=page7p] done in 91093 ms
27 ott 2014 15:12:21,498  INFO [http-bio-8080-exec-10]  (com.webratio.struts.actions.AbstractWRAction:53) - [D31E67E652E180A91453ABE2A7DDC565][page9q]Page action execution [id=page9q] done in 2401 ms
27 ott 2014 15:13:36,724  INFO [http-bio-8080-exec-8]  (com.webratio.struts.actions.AbstractWRAction:53) - [D31E67E652E180A91453ABE2A7DDC565][/operation_ju5q]Operation action execution [first operation id=ju5q] done in 254 ms
27 ott 2014 15:13:36,726  INFO [http-bio-8080-exec-8]  (com.webratio.struts.actions.AbstractWRAction:53) - [D31E67E652E180A91453ABE2A7DDC565][page20p]Page action pre-redirect execution [id=page20p] done in 1 ms
27 ott 2014 15:13:37,563  INFO [http-bio-8080-exec-8]  (com.webratio.struts.actions.AbstractWRAction:53) - [D31E67E652E180A91453ABE2A7DDC565][page20p]Page action execution [id=page20p] done in 832 ms
27 ott 2014 15:13:47,446  INFO [http-bio-8080-exec-4]  (com.webratio.struts.actions.AbstractWRAction:53) - [D31E67E652E180A91453ABE2A7DDC565][page20p]Page action execution [id=page20p] done in 1859 ms
27 ott 2014 15:18:21,288  INFO [http-bio-8080-exec-8]  (com.webratio.struts.actions.AbstractWRAction:53) - [D31E67E652E180A91453ABE2A7DDC565][page12q]Page action execution [id=page12q] done in 178 ms
27 ott 2014 15:18:26,108  INFO [http-bio-8080-exec-4]  (com.webratio.struts.actions.AbstractWRAction:53) - [D31E67E652E180A91453ABE2A7DDC565][/operation_pcu4q]Operation action execution [first operation id=pcu4q] done in 153 ms
27 ott 2014 15:18:26,145  INFO [http-bio-8080-exec-4]  (com.webratio.struts.actions.AbstractWRAction:53) - [D31E67E652E180A91453ABE2A7DDC565][page7p]Page action pre-redirect execution [id=page7p] done in 35 ms
27 ott 2014 15:18:26,937  INFO [http-bio-8080-exec-4]  (com.webratio.struts.actions.AbstractWRAction:53) - [D31E67E652E180A91453ABE2A7DDC565][page7p]Page action execution [id=page7p] done in 787 ms
27 ott 2014 15:18:38,064  INFO [http-bio-8080-exec-2]  (com.webratio.struts.actions.AbstractWRAction:53) - [D31E67E652E180A91453ABE2A7DDC565][page5p]Page action execution [id=page5p] done in 49 ms
27 ott 2014 15:18:44,797  INFO [http-bio-8080-exec-2]  (com.webratio.struts.actions.AbstractWRAction:53) - [D31E67E652E180A91453ABE2A7DDC565][/operation_pcu4q]Operation action execution [first operation id=pcu4q] done in 10 ms
27 ott 2014 15:18:44,800  INFO [http-bio-8080-exec-2]  (com.webratio.struts.actions.AbstractWRAction:53) - [D31E67E652E180A91453ABE2A7DDC565][page7p]Page action pre-redirect execution [id=page7p] done in 1 ms
27 ott 2014 15:18:44,837  INFO [http-bio-8080-exec-2]  (com.webratio.struts.actions.AbstractWRAction:53) - [D31E67E652E180A91453ABE2A7DDC565][page7p]Page action execution [id=page7p] done in 32 ms
27 ott 2014 15:19:07,707  INFO [http-bio-8080-exec-5]  (com.webratio.struts.actions.AbstractWRAction:53) - [D31E67E652E180A91453ABE2A7DDC565][page5p]Page action execution [id=page5p] done in 6 ms
27 ott 2014 15:19:10,566  INFO [http-bio-8080-exec-5]  (com.webratio.struts.actions.AbstractWRAction:53) - [D31E67E652E180A91453ABE2A7DDC565][/operation_miu15q]Operation action execution [first operation id=miu15q] done in 40 ms
27 ott 2014 15:19:10,568  INFO [http-bio-8080-exec-5]  (com.webratio.struts.actions.AbstractWRAction:53) - [D31E67E652E180A91453ABE2A7DDC565][page9q]Page action pre-redirect execution [id=page9q] done in 1 ms
27 ott 2014 15:19:10,588  INFO [http-bio-8080-exec-5]  (com.webratio.struts.actions.AbstractWRAction:53) - [D31E67E652E180A91453ABE2A7DDC565][page9q]Page action execution [id=page9q] done in 14 ms
27 ott 2014 15:19:12,014  INFO [http-bio-8080-exec-5]  (com.webratio.struts.actions.AbstractWRAction:53) - [D31E67E652E180A91453ABE2A7DDC565][/operation_ju5q]Operation action execution [first operation id=ju5q] done in 1 ms
27 ott 2014 15:19:12,015  INFO [http-bio-8080-exec-5]  (com.webratio.struts.actions.AbstractWRAction:53) - [D31E67E652E180A91453ABE2A7DDC565][page20p]Page action pre-redirect execution [id=page20p] done in 1 ms
27 ott 2014 15:19:12,047  INFO [http-bio-8080-exec-5]  (com.webratio.struts.actions.AbstractWRAction:53) - [D31E67E652E180A91453ABE2A7DDC565][page20p]Page action execution [id=page20p] done in 27 ms
27 ott 2014 15:19:17,715  INFO [http-bio-8080-exec-5]  (com.webratio.struts.actions.AbstractWRAction:53) - [D31E67E652E180A91453ABE2A7DDC565][page20p]Page action execution [id=page20p] done in 42 ms
27 ott 2014 15:34:13,680  INFO [http-bio-8080-exec-4]  (com.webratio.struts.actions.AbstractWRAction:53) - [D31E67E652E180A91453ABE2A7DDC565][page12q]Page action execution [id=page12q] done in 20 ms
27 ott 2014 15:34:16,379  INFO [http-bio-8080-exec-4]  (com.webratio.struts.actions.AbstractWRAction:53) - [D31E67E652E180A91453ABE2A7DDC565][/operation_pcu4q]Operation action execution [first operation id=pcu4q] done in 4 ms
27 ott 2014 15:34:16,381  INFO [http-bio-8080-exec-4]  (com.webratio.struts.actions.AbstractWRAction:53) - [D31E67E652E180A91453ABE2A7DDC565][page7p]Page action pre-redirect execution [id=page7p] done in 1 ms
27 ott 2014 15:34:16,417  INFO [http-bio-8080-exec-4]  (com.webratio.struts.actions.AbstractWRAction:53) - [D31E67E652E180A91453ABE2A7DDC565][page7p]Page action execution [id=page7p] done in 31 ms
27 ott 2014 15:34:23,944  INFO [http-bio-8080-exec-4]  (com.webratio.struts.actions.AbstractWRAction:53) - [D31E67E652E180A91453ABE2A7DDC565][page12q]Page action execution [id=page12q] done in 9 ms
27 ott 2014 15:34:24,933  INFO [http-bio-8080-exec-4]  (com.webratio.struts.actions.AbstractWRAction:53) - [D31E67E652E180A91453ABE2A7DDC565][page20p]Page action execution [id=page20p] done in 43 ms
27 ott 2014 15:34:32,812  INFO [http-bio-8080-exec-4]  (com.webratio.struts.actions.AbstractWRAction:53) - [D31E67E652E180A91453ABE2A7DDC565][/operation_pcu4q]Operation action execution [first operation id=pcu4q] done in 3 ms
27 ott 2014 15:34:32,814  INFO [http-bio-8080-exec-4]  (com.webratio.struts.actions.AbstractWRAction:53) - [D31E67E652E180A91453ABE2A7DDC565][page7p]Page action pre-redirect execution [id=page7p] done in 1 ms
27 ott 2014 15:34:32,849  INFO [http-bio-8080-exec-4]  (com.webratio.struts.actions.AbstractWRAction:53) - [D31E67E652E180A91453ABE2A7DDC565][page7p]Page action execution [id=page7p] done in 30 ms
27 ott 2014 18:26:32,996  INFO [http-bio-8080-exec-4]  (com.webratio.struts.actions.AbstractWRAction:53) - [8A6ED905EDC6538154AE82654B1785BB][page9q]Page action execution [id=page9q] done in 2501 ms
27 ott 2014 18:26:33,570  INFO [http-bio-8080-exec-8]  (com.webratio.struts.actions.AbstractWRAction:53) - [43DA5C6D4A66BCAC7574698A7A3B016F][page9q]Page action execution [id=page9q] done in 14 ms
27 ott 2014 18:26:57,001  WARN [ContainerBackgroundProcessor[StandardEngine[Catalina]]]  (com.webratio.struts.RTXInitPlugIn:61) - Stopping application module 'community'
27 ott 2014 18:27:04,322  INFO [http-bio-8080-exec-1]  (com.webratio.struts.actions.AbstractWRAction:53) - [05D40BF7200D129AF18F62910C53D15A][page9q]Page action execution [id=page9q] done in 611 ms
27 ott 2014 18:28:02,589  WARN [ContainerBackgroundProcessor[StandardEngine[Catalina]]]  (com.webratio.struts.RTXInitPlugIn:61) - Stopping application module 'community'
27 ott 2014 18:28:08,522  INFO [http-bio-8080-exec-10]  (com.webratio.struts.actions.AbstractWRAction:53) - [268183CEC183488E8D462D0A174D5DAD][page8q]Page action execution [id=page8q] done in 514 ms
27 ott 2014 18:28:17,038  INFO [http-bio-8080-exec-5]  (com.webratio.struts.actions.AbstractWRAction:53) - [268183CEC183488E8D462D0A174D5DAD][page9q]Page action execution [id=page9q] done in 357 ms
27 ott 2014 18:28:24,846  INFO [http-bio-8080-exec-15]  (com.webratio.struts.actions.AbstractWRAction:53) - [268183CEC183488E8D462D0A174D5DAD][/operation_ju5q]Operation action execution [first operation id=ju5q] done in 133 ms
27 ott 2014 18:28:24,849  INFO [http-bio-8080-exec-15]  (com.webratio.struts.actions.AbstractWRAction:53) - [268183CEC183488E8D462D0A174D5DAD][page20p]Page action pre-redirect execution [id=page20p] done in 2 ms
27 ott 2014 18:28:25,074  INFO [http-bio-8080-exec-15]  (com.webratio.struts.actions.AbstractWRAction:53) - [268183CEC183488E8D462D0A174D5DAD][page20p]Page action execution [id=page20p] done in 207 ms
27 ott 2014 18:28:38,669  INFO [http-bio-8080-exec-15]  (com.webratio.struts.actions.AbstractWRAction:53) - [268183CEC183488E8D462D0A174D5DAD][page20p]Page action execution [id=page20p] done in 697 ms
27 ott 2014 18:28:48,725  INFO [http-bio-8080-exec-17]  (com.webratio.struts.actions.AbstractWRAction:53) - [268183CEC183488E8D462D0A174D5DAD][/operation_pcu4q]Operation action execution [first operation id=pcu4q] done in 78 ms
27 ott 2014 18:28:48,791  INFO [http-bio-8080-exec-17]  (com.webratio.struts.actions.AbstractWRAction:53) - [268183CEC183488E8D462D0A174D5DAD][page7p]Page action pre-redirect execution [id=page7p] done in 26 ms
27 ott 2014 18:28:49,141  INFO [http-bio-8080-exec-17]  (com.webratio.struts.actions.AbstractWRAction:53) - [268183CEC183488E8D462D0A174D5DAD][page7p]Page action execution [id=page7p] done in 345 ms
27 ott 2014 18:28:54,589  INFO [http-bio-8080-exec-17]  (com.webratio.struts.actions.AbstractWRAction:53) - [268183CEC183488E8D462D0A174D5DAD][page12q]Page action execution [id=page12q] done in 93 ms
